# JRE version: OpenJDK Runtime Environment Temurin-17.0.8.1+1 (17.0.8.1+1) (build 17.0.8.1+1)
# Java VM: OpenJDK 64-Bit Server VM Temurin-17.0.8.1+1 (17.0.8.1+1, mixed mode, emulated-client, tiered, compressed oops, compressed class ptrs, g1 gc, windows-amd64)
GC Precious Log:
 CPUs: 8 total, 8 available
 Memory: 16194M
 Large Page Support: Disabled
 NUMA Support: Disabled
 Compressed Oops: Enabled (32-bit)
 Heap Region Size: 1M
 Heap Min Capacity: 8M
 Heap Initial Capacity: 254M
 Heap Max Capacity: 1G
 Pre-touch: Disabled
 Parallel Workers: 8
 Concurrent Workers: 2
 Concurrent Refinement Workers: 8
 Periodic GC: Disabled
Heap:
 garbage-first heap   total 115712K, used 33805K [0x00000000c0000000, 0x0000000100000000)
  region size 1024K, 1 young (1024K), 0 survivors (0K)
 Metaspace       used 57983K, committed 58432K, reserved 1114112K
  class space    used 7482K, committed 7680K, reserved 1048576K
GC Heap History (20 events):
Event: 59883.264 GC heap before
{Heap before GC invocations=1513 (full 1079):
 garbage-first heap   total 115712K, used 33805K [0x00000000c0000000, 0x0000000100000000)
  region size 1024K, 1 young (1024K), 0 survivors (0K)
 Metaspace       used 57983K, committed 58432K, reserved 1114112K
  class space    used 7482K, committed 7680K, reserved 1048576K
}
Event: 59883.358 GC heap after
{Heap after GC invocations=1514 (full 1080):
 garbage-first heap   total 115712K, used 33805K [0x00000000c0000000, 0x0000000100000000)
  region size 1024K, 0 young (0K), 0 survivors (0K)
 Metaspace       used 57983K, committed 58432K, reserved 1114112K
  class space    used 7482K, committed 7680K, reserved 1048576K
}
Event: 59893.960 GC heap before
{Heap before GC invocations=1514 (full 1080):
 garbage-first heap   total 115712K, used 33805K [0x00000000c0000000, 0x0000000100000000)
  region size 1024K, 1 young (1024K), 0 survivors (0K)
 Metaspace       used 57983K, committed 58432K, reserved 1114112K
  class space    used 7482K, committed 7680K, reserved 1048576K
}
Event: 59894.067 GC heap after
{Heap after GC invocations=1515 (full 1081):
 garbage-first heap   total 115712K, used 33805K [0x00000000c0000000, 0x0000000100000000)
  region size 1024K, 0 young (0K), 0 survivors (0K)
 Metaspace       used 57983K, committed 58432K, reserved 1114112K
  class space    used 7482K, committed 7680K, reserved 1048576K
}
Event: 59904.631 GC heap before
{Heap before GC invocations=1515 (full 1081):
 garbage-first heap   total 115712K, used 33805K [0x00000000c0000000, 0x0000000100000000)
  region size 1024K, 1 young (1024K), 0 survivors (0K)
 Metaspace       used 57983K, committed 58432K, reserved 1114112K
  class space    used 7482K, committed 7680K, reserved 1048576K
}
Event: 59904.711 GC heap after
{Heap after GC invocations=1516 (full 1082):
 garbage-first heap   total 115712K, used 33805K [0x00000000c0000000, 0x0000000100000000)
  region size 1024K, 0 young (0K), 0 survivors (0K)
 Metaspace       used 57983K, committed 58432K, reserved 1114112K
  class space    used 7482K, committed 7680K, reserved 1048576K
}
Event: 59915.434 GC heap before
{Heap before GC invocations=1516 (full 1082):
 garbage-first heap   total 115712K, used 33805K [0x00000000c0000000, 0x0000000100000000)
  region size 1024K, 1 young (1024K), 0 survivors (0K)
 Metaspace       used 57983K, committed 58432K, reserved 1114112K
  class space    used 7482K, committed 7680K, reserved 1048576K
}
Event: 59915.535 GC heap after
{Heap after GC invocations=1517 (full 1083):
 garbage-first heap   total 115712K, used 33805K [0x00000000c0000000, 0x0000000100000000)
  region size 1024K, 0 young (0K), 0 survivors (0K)
 Metaspace       used 57983K, committed 58432K, reserved 1114112K
  class space    used 7482K, committed 7680K, reserved 1048576K
}
Event: 59926.671 GC heap before
{Heap before GC invocations=1517 (full 1083):
 garbage-first heap   total 115712K, used 33805K [0x00000000c0000000, 0x0000000100000000)
  region size 1024K, 1 young (1024K), 0 survivors (0K)
 Metaspace       used 57983K, committed 58432K, reserved 1114112K
  class space    used 7482K, committed 7680K, reserved 1048576K
}
Event: 59926.744 GC heap after
{Heap after GC invocations=1518 (full 1084):
 garbage-first heap   total 115712K, used 33805K [0x00000000c0000000, 0x0000000100000000)
  region size 1024K, 0 young (0K), 0 survivors (0K)
 Metaspace       used 57983K, committed 58432K, reserved 1114112K
  class space    used 7482K, committed 7680K, reserved 1048576K
}
Event: 59937.285 GC heap before
{Heap before GC invocations=1518 (full 1084):
 garbage-first heap   total 115712K, used 33805K [0x00000000c0000000, 0x0000000100000000)
  region size 1024K, 1 young (1024K), 0 survivors (0K)
 Metaspace       used 57983K, committed 58432K, reserved 1114112K
  class space    used 7482K, committed 7680K, reserved 1048576K
}
Event: 59937.361 GC heap after
{Heap after GC invocations=1519 (full 1085):
 garbage-first heap   total 115712K, used 33805K [0x00000000c0000000, 0x0000000100000000)
  region size 1024K, 0 young (0K), 0 survivors (0K)
 Metaspace       used 57983K, committed 58432K, reserved 1114112K
  class space    used 7482K, committed 7680K, reserved 1048576K
}
Event: 59947.844 GC heap before
{Heap before GC invocations=1519 (full 1085):
 garbage-first heap   total 115712K, used 33805K [0x00000000c0000000, 0x0000000100000000)
  region size 1024K, 1 young (1024K), 0 survivors (0K)
 Metaspace       used 57983K, committed 58432K, reserved 1114112K
  class space    used 7482K, committed 7680K, reserved 1048576K
}
Event: 59947.940 GC heap after
{Heap after GC invocations=1520 (full 1086):
 garbage-first heap   total 115712K, used 33805K [0x00000000c0000000, 0x0000000100000000)
  region size 1024K, 0 young (0K), 0 survivors (0K)
 Metaspace       used 57983K, committed 58432K, reserved 1114112K
  class space    used 7482K, committed 7680K, reserved 1048576K
}
Event: 59958.428 GC heap before
{Heap before GC invocations=1520 (full 1086):
 garbage-first heap   total 115712K, used 33805K [0x00000000c0000000, 0x0000000100000000)
  region size 1024K, 1 young (1024K), 0 survivors (0K)
 Metaspace       used 57983K, committed 58432K, reserved 1114112K
  class space    used 7482K, committed 7680K, reserved 1048576K
}
Event: 59958.503 GC heap after
{Heap after GC invocations=1521 (full 1087):
 garbage-first heap   total 115712K, used 33805K [0x00000000c0000000, 0x0000000100000000)
  region size 1024K, 0 young (0K), 0 survivors (0K)
 Metaspace       used 57983K, committed 58432K, reserved 1114112K
  class space    used 7482K, committed 7680K, reserved 1048576K
}
Event: 59968.917 GC heap before
{Heap before GC invocations=1521 (full 1087):
 garbage-first heap   total 115712K, used 33805K [0x00000000c0000000, 0x0000000100000000)
  region size 1024K, 1 young (1024K), 0 survivors (0K)
 Metaspace       used 57983K, committed 58432K, reserved 1114112K
  class space    used 7482K, committed 7680K, reserved 1048576K
}
Event: 59969.007 GC heap after
{Heap after GC invocations=1522 (full 1088):
 garbage-first heap   total 115712K, used 33805K [0x00000000c0000000, 0x0000000100000000)
  region size 1024K, 0 young (0K), 0 survivors (0K)
 Metaspace       used 57983K, committed 58432K, reserved 1114112K
  class space    used 7482K, committed 7680K, reserved 1048576K
}
Event: 59979.552 GC heap before
{Heap before GC invocations=1522 (full 1088):
 garbage-first heap   total 115712K, used 33805K [0x00000000c0000000, 0x0000000100000000)
  region size 1024K, 1 young (1024K), 0 survivors (0K)
 Metaspace       used 57983K, committed 58432K, reserved 1114112K
  class space    used 7482K, committed 7680K, reserved 1048576K
}
Event: 59979.627 GC heap after
{Heap after GC invocations=1523 (full 1089):
 garbage-first heap   total 115712K, used 33805K [0x00000000c0000000, 0x0000000100000000)
  region size 1024K, 0 young (0K), 0 survivors (0K)
 Metaspace       used 57983K, committed 58432K, reserved 1114112K
  class space    used 7482K, committed 7680K, reserved 1048576K
}

